[2025-03-11T18:09:57.671+0000] {local_task_job_runner.py:123} INFO - ::group::Pre task execution logs
[2025-03-11T18:09:58.006+0000] {taskinstance.py:2614} INFO - Dependencies all met for dep_context=non-requeueable deps ti=<TaskInstance: minio_dag.read_from_minio manual__2025-03-11T18:09:31.184881+00:00 [queued]>
[2025-03-11T18:09:58.030+0000] {taskinstance.py:2614} INFO - Dependencies all met for dep_context=requeueable deps ti=<TaskInstance: minio_dag.read_from_minio manual__2025-03-11T18:09:31.184881+00:00 [queued]>
[2025-03-11T18:09:58.032+0000] {taskinstance.py:2867} INFO - Starting attempt 1 of 2
[2025-03-11T18:09:58.066+0000] {taskinstance.py:2890} INFO - Executing <Task(PythonOperator): read_from_minio> on 2025-03-11 18:09:31.184881+00:00
[2025-03-11T18:09:58.080+0000] {warnings.py:112} WARNING - /home/***/.local/lib/python3.12/site-packages/***/task/task_runner/standard_task_runner.py:70: DeprecationWarning: This process (pid=837) is multi-threaded, use of fork() may lead to deadlocks in the child.
  pid = os.fork()

[2025-03-11T18:09:58.084+0000] {standard_task_runner.py:72} INFO - Started process 839 to run task
[2025-03-11T18:09:58.086+0000] {standard_task_runner.py:104} INFO - Running: ['***', 'tasks', 'run', 'minio_dag', 'read_from_minio', 'manual__2025-03-11T18:09:31.184881+00:00', '--job-id', '39', '--raw', '--subdir', 'DAGS_FOLDER/test.py', '--cfg-path', '/tmp/tmp5k2pnted']
[2025-03-11T18:09:58.090+0000] {standard_task_runner.py:105} INFO - Job 39: Subtask read_from_minio
[2025-03-11T18:09:58.193+0000] {task_command.py:467} INFO - Running <TaskInstance: minio_dag.read_from_minio manual__2025-03-11T18:09:31.184881+00:00 [running]> on host 864bdb0a156f
[2025-03-11T18:09:58.385+0000] {taskinstance.py:3134} INFO - Exporting env vars: AIRFLOW_CTX_DAG_OWNER='***' AIRFLOW_CTX_DAG_ID='minio_dag' AIRFLOW_CTX_TASK_ID='read_from_minio' AIRFLOW_CTX_EXECUTION_DATE='2025-03-11T18:09:31.184881+00:00' AIRFLOW_CTX_TRY_NUMBER='1' AIRFLOW_CTX_DAG_RUN_ID='manual__2025-03-11T18:09:31.184881+00:00'
[2025-03-11T18:09:58.388+0000] {logging_mixin.py:190} INFO - Task instance is in running state
[2025-03-11T18:09:58.389+0000] {logging_mixin.py:190} INFO -  Previous state of the Task instance: queued
[2025-03-11T18:09:58.389+0000] {logging_mixin.py:190} INFO - Current task name:read_from_minio state:running start_date:2025-03-11 18:09:58.007105+00:00
[2025-03-11T18:09:58.390+0000] {logging_mixin.py:190} INFO - Dag name:minio_dag and current dag run status:running
[2025-03-11T18:09:58.391+0000] {taskinstance.py:732} INFO - ::endgroup::
[2025-03-11T18:09:58.392+0000] {logging_mixin.py:190} INFO - Début de la lecture depuis MinIO à 2025-03-11 18:09:58.392284
[2025-03-11T18:10:10.386+0000] {logging_mixin.py:190} INFO - 🚨 Erreur lors du téléchargement : Could not connect to the endpoint URL: "http://localhost:9001/test/test_file.txt"
[2025-03-11T18:10:10.387+0000] {python.py:240} INFO - Done. Returned value was: None
[2025-03-11T18:10:10.399+0000] {taskinstance.py:341} INFO - ::group::Post task execution logs
[2025-03-11T18:10:10.400+0000] {taskinstance.py:353} INFO - Marking task as SUCCESS. dag_id=minio_dag, task_id=read_from_minio, run_id=manual__2025-03-11T18:09:31.184881+00:00, execution_date=20250311T180931, start_date=20250311T180958, end_date=20250311T181010
[2025-03-11T18:10:10.436+0000] {logging_mixin.py:190} INFO - Task instance in success state
[2025-03-11T18:10:10.437+0000] {logging_mixin.py:190} INFO -  Previous state of the Task instance: running
[2025-03-11T18:10:10.437+0000] {logging_mixin.py:190} INFO - Dag name:minio_dag queued_at:2025-03-11 18:09:31.206430+00:00
[2025-03-11T18:10:10.438+0000] {logging_mixin.py:190} INFO - Task hostname:864bdb0a156f operator:PythonOperator
[2025-03-11T18:10:10.471+0000] {local_task_job_runner.py:266} INFO - Task exited with return code 0
[2025-03-11T18:10:10.505+0000] {taskinstance.py:3901} INFO - 0 downstream tasks scheduled from follow-on schedule check
[2025-03-11T18:10:10.509+0000] {local_task_job_runner.py:245} INFO - ::endgroup::
